<?xml version="1.0" encoding="UTF-8"?>
<testsuite name="SILab2Test" tests="1" skipped="0" failures="0" errors="0" timestamp="2022-05-18T21:00:10" hostname="DESKTOP-2VETVCK" time="0.055">
  <properties/>
  <testcase name="everyStatementTest()" classname="SILab2Test" time="0.055"/>
  <system-out><![CDATA[]]></system-out>
  <system-err><![CDATA[]]></system-err>
</testsuite>
